Using pre-set license
Built from '2021.3/staging' branch; Version is '2021.3.22f1 (b6c551784ba3) revision 11978065'; Using compiler version '192829333'; Build Type 'Release'
OS: 'Windows 11  (10.0.22621) 64bit CoreSingleLanguage' Language: 'en' Physical Memory: 5996 MB
BatchMode: 1, IsHumanControllingUs: 0, StartBugReporterOnCrash: 0, Is64bit: 1, IsPro: 1

COMMAND LINE ARGUMENTS:
C:\Program Files\Unity\Hub\Editor\2021.3.22f1\Editor\Unity.exe
-adb2
-batchMode
-noUpm
-name
AssetImportWorker1
-projectPath
C:/Projects/GameJam-2/My project
-logFile
Logs/AssetImportWorker1.log
-srvPort
53014
Successfully changed project path to: C:/Projects/GameJam-2/My project
C:/Projects/GameJam-2/My project
[UnityMemory] Configuration Parameters - Can be set up in boot.config
    "memorysetup-bucket-allocator-granularity=16"
    "memorysetup-bucket-allocator-bucket-count=8"
    "memorysetup-bucket-allocator-block-size=33554432"
    "memorysetup-bucket-allocator-block-count=8"
    "memorysetup-main-allocator-block-size=16777216"
    "memorysetup-thread-allocator-block-size=16777216"
    "memorysetup-gfx-main-allocator-block-size=16777216"
    "memorysetup-gfx-thread-allocator-block-size=16777216"
    "memorysetup-cache-allocator-block-size=4194304"
    "memorysetup-typetree-allocator-block-size=2097152"
    "memorysetup-profiler-bucket-allocator-granularity=16"
    "memorysetup-profiler-bucket-allocator-bucket-count=8"
    "memorysetup-profiler-bucket-allocator-block-size=33554432"
    "memorysetup-profiler-bucket-allocator-block-count=8"
    "memorysetup-profiler-allocator-block-size=16777216"
    "memorysetup-profiler-editor-allocator-block-size=1048576"
    "memorysetup-temp-allocator-size-main=16777216"
    "memorysetup-job-temp-allocator-block-size=2097152"
    "memorysetup-job-temp-allocator-block-size-background=1048576"
    "memorysetup-job-temp-allocator-reduction-small-platforms=262144"
    "memorysetup-temp-allocator-size-background-worker=32768"
    "memorysetup-temp-allocator-size-job-worker=262144"
    "memorysetup-temp-allocator-size-preload-manager=33554432"
    "memorysetup-temp-allocator-size-nav-mesh-worker=65536"
    "memorysetup-temp-allocator-size-audio-worker=65536"
    "memorysetup-temp-allocator-size-cloud-worker=32768"
    "memorysetup-temp-allocator-size-gi-baking-worker=262144"
    "memorysetup-temp-allocator-size-gfx=262144"
Player connection [16668] Host "[IP] 10.60.2.3 [Port] 0 [Flags] 2 [Guid] 2820958389 [EditorId] 2820958389 [Version] 1048832 [Id] WindowsEditor(7,Ideapad) [Debug] 1 [PackageName] WindowsEditor [ProjectName] Editor" joined multi-casting on [225.0.0.222:54997]...

Player connection [16668] Host "[IP] 10.60.2.3 [Port] 0 [Flags] 2 [Guid] 2820958389 [EditorId] 2820958389 [Version] 1048832 [Id] WindowsEditor(7,Ideapad) [Debug] 1 [PackageName] WindowsEditor [ProjectName] Editor" joined alternative multi-casting on [225.0.0.222:34997]...

Refreshing native plugins compatible for Editor in 206.15 ms, found 4 plugins.
Preloading 0 native plugins for Editor in 0.00 ms.
Initialize engine version: 2021.3.22f1 (b6c551784ba3)
[Subsystems] Discovering subsystems at path C:/Program Files/Unity/Hub/Editor/2021.3.22f1/Editor/Data/Resources/UnitySubsystems
[Subsystems] Discovering subsystems at path C:/Projects/GameJam-2/My project/Assets
GfxDevice: creating device client; threaded=0; jobified=0
Direct3D:
    Version:  Direct3D 11.0 [level 11.1]
    Renderer: NVIDIA GeForce GTX 1650 (ID=0x1f9d)
    Vendor:   NVIDIA
    VRAM:     3952 MB
    Driver:   31.0.15.3168
Initialize mono
Mono path[0] = 'C:/Program Files/Unity/Hub/Editor/2021.3.22f1/Editor/Data/Managed'
Mono path[1] = 'C:/Program Files/Unity/Hub/Editor/2021.3.22f1/Editor/Data/MonoBleedingEdge/lib/mono/unityjit-win32'
Mono config path = 'C:/Program Files/Unity/Hub/Editor/2021.3.22f1/Editor/Data/MonoBleedingEdge/etc'
Using monoOptions --debugger-agent=transport=dt_socket,embedding=1,server=y,suspend=n,address=127.0.0.1:56048
Begin MonoManager ReloadAssembly
Registering precompiled unity dll's ...
Register platform support module: C:/Program Files/Unity/Hub/Editor/2021.3.22f1/Editor/Data/PlaybackEngines/WindowsStandaloneSupport/UnityEditor.WindowsStandalone.Extensions.dll
Registered in 0.012589 seconds.
Native extension for WindowsStandalone target not found
Refreshing native plugins compatible for Editor in 189.83 ms, found 4 plugins.
Preloading 0 native plugins for Editor in 0.00 ms.
Mono: successfully reloaded assembly
- Completed reload, in  1.554 seconds
Domain Reload Profiling:
	ReloadAssembly (1555ms)
		BeginReloadAssembly (326ms)
			ExecutionOrderSort (0ms)
			DisableScriptedObjects (0ms)
			BackupInstance (0ms)
			ReleaseScriptingObjects (0ms)
			CreateAndSetChildDomain (3ms)
		EndReloadAssembly (1015ms)
			LoadAssemblies (318ms)
			RebuildTransferFunctionScriptingTraits (1ms)
			SetupTypeCache (240ms)
			ReleaseScriptCaches (0ms)
			RebuildScriptCaches (51ms)
			SetupLoadedEditorAssemblies (613ms)
				LogAssemblyErrors (0ms)
				InitializePlatformSupportModulesInManaged (17ms)
				SetLoadedEditorAssemblies (0ms)
				RefreshPlugins (190ms)
				BeforeProcessingInitializeOnLoad (3ms)
				ProcessInitializeOnLoadAttributes (293ms)
				ProcessInitializeOnLoadMethodAttributes (110ms)
				AfterProcessingInitializeOnLoad (0ms)
				EditorAssembliesLoaded (0ms)
			ExecutionOrderSort2 (0ms)
			AwakeInstancesAfterBackupRestoration (0ms)
Platform modules already initialized, skipping
Registering precompiled user dll's ...
Registered in 0.033010 seconds.
Begin MonoManager ReloadAssembly
Symbol file LoadedFromMemory doesn't match image C:\Projects\GameJam-2\My project\Library\PackageCache\com.unity.visualscripting@1.8.0\Editor\VisualScripting.Core\Dependencies\YamlDotNet\Unity.VisualScripting.YamlDotNet.dll
Symbol file LoadedFromMemory doesn't match image C:\Projects\GameJam-2\My project\Library\PackageCache\com.unity.visualscripting@1.8.0\Editor\VisualScripting.Core\Dependencies\DotNetZip\Unity.VisualScripting.IonicZip.dll
Native extension for WindowsStandalone target not found
Refreshing native plugins compatible for Editor in 198.54 ms, found 4 plugins.
Preloading 0 native plugins for Editor in 0.00 ms.
Mono: successfully reloaded assembly
- Completed reload, in  3.105 seconds
Domain Reload Profiling:
	ReloadAssembly (3107ms)
		BeginReloadAssembly (376ms)
			ExecutionOrderSort (0ms)
			DisableScriptedObjects (19ms)
			BackupInstance (0ms)
			ReleaseScriptingObjects (0ms)
			CreateAndSetChildDomain (52ms)
		EndReloadAssembly (2465ms)
			LoadAssemblies (398ms)
			RebuildTransferFunctionScriptingTraits (0ms)
			SetupTypeCache (831ms)
			ReleaseScriptCaches (1ms)
			RebuildScriptCaches (120ms)
			SetupLoadedEditorAssemblies (1027ms)
				LogAssemblyErrors (0ms)
				InitializePlatformSupportModulesInManaged (10ms)
				SetLoadedEditorAssemblies (1ms)
				RefreshPlugins (199ms)
				BeforeProcessingInitializeOnLoad (211ms)
				ProcessInitializeOnLoadAttributes (514ms)
				ProcessInitializeOnLoadMethodAttributes (78ms)
				AfterProcessingInitializeOnLoad (15ms)
				EditorAssembliesLoaded (0ms)
			ExecutionOrderSort2 (0ms)
			AwakeInstancesAfterBackupRestoration (11ms)
Platform modules already initialized, skipping
========================================================================
Worker process is ready to serve import requests
Launched and connected shader compiler UnityShaderCompiler.exe after 0.11 seconds
Refreshing native plugins compatible for Editor in 1.69 ms, found 4 plugins.
Preloading 0 native plugins for Editor in 0.00 ms.
Unloading 3734 Unused Serialized files (Serialized files now loaded: 0)
Unloading 41 unused Assets / (229.1 KB). Loaded Objects now: 4187.
Memory consumption went from 142.6 MB to 142.4 MB.
Total: 6.506200 ms (FindLiveObjects: 0.687400 ms CreateObjectMapping: 0.211300 ms MarkObjects: 4.985100 ms  DeleteObjects: 0.620900 ms)

AssetImportParameters requested are different than current active one (requested -> active):
  custom:video-decoder-ogg-theora: a1e56fd34408186e4bbccfd4996cb3dc -> 
  custom:container-muxer-webm: aa71ff27fc2769a1b78a27578f13a17b -> 
  custom:container-demuxer-webm: 4f35f7cbe854078d1ac9338744f61a02 -> 
  custom:video-encoder-webm-vp8: eb34c28f22e8b96e1ab97ce403110664 -> 
  custom:video-codec-MediaFoundation-h265: 746d11721c4dcdbdad8f713fa42b33f4 -> 
  custom:audio-encoder-webm-vorbis: bf7c407c2cedff20999df2af8eb42d56 -> 
  custom:framework-win-MediaFoundation: 216162199b28c13a410421893ffa2e32 -> 
  custom:container-demuxer-ogg: 62fdf1f143b41e24485cea50d1cbac27 -> 
  custom:video-decoder-webm-vp8: 9c59270c3fd7afecdb556c50c9e8de78 -> 
  custom:audio-decoder-ogg-vorbis: bf7c407c2cedff20999df2af8eb42d56 -> 
========================================================================
Received Import Request.
  Time since last request: 118822.502726 seconds.
  path: Assets/BigManJD
  artifactKey: Guid(8c8d25c93d7456548a253dc9dcd1ae2d) Importer(815301076,1909f56bfc062723c751e8b465ee728b)
Start importing Assets/BigManJD using Guid(8c8d25c93d7456548a253dc9dcd1ae2d) Importer(815301076,1909f56bfc062723c751e8b465ee728b)  -> (artifact id: '73aca2780b5d37cd8a9d0fa5683edf48') in 0.025302 seconds 
========================================================================
Received Import Request.
  Time since last request: 0.000037 seconds.
  path: Assets/BigManJD/readme.txt
  artifactKey: Guid(dc722ae6a30e5334d84c15e59abbf119) Importer(815301076,1909f56bfc062723c751e8b465ee728b)
Start importing Assets/BigManJD/readme.txt using Guid(dc722ae6a30e5334d84c15e59abbf119) Importer(815301076,1909f56bfc062723c751e8b465ee728b)  -> (artifact id: '9c590e4fcaf383413823f27e2d5a7c90') in 0.198831 seconds 
========================================================================
Received Import Request.
  Time since last request: 0.848989 seconds.
  path: Assets/BigManJD/Platformer Tileset - Pixelart Grasslands/Background/Background2.png
  artifactKey: Guid(3d7882fa7165d824d9173e4397f23c5f) Importer(815301076,1909f56bfc062723c751e8b465ee728b)
Start importing Assets/BigManJD/Platformer Tileset - Pixelart Grasslands/Background/Background2.png using Guid(3d7882fa7165d824d9173e4397f23c5f) Importer(815301076,1909f56bfc062723c751e8b465ee728b)  -> (artifact id: '8bd83307cfd73369207a6da186a3b8b8') in 0.387373 seconds 
========================================================================
Received Import Request.
  Time since last request: 0.000138 seconds.
  path: Assets/BigManJD/Platformer Tileset - Pixelart Grasslands/Background/Background4.png
  artifactKey: Guid(0b211dc3d14c1ba459b21a44e5038f46) Importer(815301076,1909f56bfc062723c751e8b465ee728b)
Start importing Assets/BigManJD/Platformer Tileset - Pixelart Grasslands/Background/Background4.png using Guid(0b211dc3d14c1ba459b21a44e5038f46) Importer(815301076,1909f56bfc062723c751e8b465ee728b)  -> (artifact id: '8c63e82b6d48ea2529e75b1a0955d2c3') in 0.043432 seconds 
========================================================================
Received Import Request.
  Time since last request: 0.000076 seconds.
  path: Assets/BigManJD/Platformer Tileset - Pixelart Grasslands/Background/Background5.png
  artifactKey: Guid(0fbbe850674cd2342a0debf3a96b5810) Importer(815301076,1909f56bfc062723c751e8b465ee728b)
Start importing Assets/BigManJD/Platformer Tileset - Pixelart Grasslands/Background/Background5.png using Guid(0fbbe850674cd2342a0debf3a96b5810) Importer(815301076,1909f56bfc062723c751e8b465ee728b)  -> (artifact id: '16af22775b0026f4cbfbb2b3bec5505a') in 0.042120 seconds 
========================================================================
Received Import Request.
  Time since last request: 13.458420 seconds.
  path: Assets/BigManJD/Platformer Tileset - Pixelart Grasslands/Prefabs/Rock1.prefab
  artifactKey: Guid(6bc4f20031ab7a943b8123b5af05b536) Importer(815301076,1909f56bfc062723c751e8b465ee728b)
Start importing Assets/BigManJD/Platformer Tileset - Pixelart Grasslands/Prefabs/Rock1.prefab using Guid(6bc4f20031ab7a943b8123b5af05b536) Importer(815301076,1909f56bfc062723c751e8b465ee728b)  -> (artifact id: '32e3a25a3652a64c33142837eec360fa') in 0.163339 seconds 
========================================================================
Received Import Request.
  Time since last request: 0.000045 seconds.
  path: Assets/BigManJD/Platformer Tileset - Pixelart Grasslands/Prefabs/TreeStump.prefab
  artifactKey: Guid(cce8f5d7e4ab0694abb8b541a6b26b9a) Importer(815301076,1909f56bfc062723c751e8b465ee728b)
Start importing Assets/BigManJD/Platformer Tileset - Pixelart Grasslands/Prefabs/TreeStump.prefab using Guid(cce8f5d7e4ab0694abb8b541a6b26b9a) Importer(815301076,1909f56bfc062723c751e8b465ee728b)  -> (artifact id: '955c5b5d86b89a6713a3651f9f659a7b') in 0.029237 seconds 
========================================================================
Received Import Request.
  Time since last request: 0.000045 seconds.
  path: Assets/BigManJD/Platformer Tileset - Pixelart Grasslands/Prefabs/Rock3.prefab
  artifactKey: Guid(6accc788deb588846bc4f6768c625fc7) Importer(815301076,1909f56bfc062723c751e8b465ee728b)
Start importing Assets/BigManJD/Platformer Tileset - Pixelart Grasslands/Prefabs/Rock3.prefab using Guid(6accc788deb588846bc4f6768c625fc7) Importer(815301076,1909f56bfc062723c751e8b465ee728b)  -> (artifact id: '90b682ebc3e3e41d1545c1374f951dd8') in 0.027352 seconds 
========================================================================
Received Import Request.
  Time since last request: 0.000027 seconds.
  path: Assets/BigManJD/Platformer Tileset - Pixelart Grasslands/Prefabs/Tree2.prefab
  artifactKey: Guid(512108d047703db44a09d9aa681173d9) Importer(815301076,1909f56bfc062723c751e8b465ee728b)
Start importing Assets/BigManJD/Platformer Tileset - Pixelart Grasslands/Prefabs/Tree2.prefab using Guid(512108d047703db44a09d9aa681173d9) Importer(815301076,1909f56bfc062723c751e8b465ee728b)  -> (artifact id: '510b7a662d06263fe755387f007565d4') in 0.027905 seconds 
========================================================================
Received Import Request.
  Time since last request: 11.395617 seconds.
  path: Assets/BigManJD/Platformer Tileset - Pixelart Grasslands/Tile Palette/Tiles/DirtBackgroundTiles_2.asset
  artifactKey: Guid(e0a56004fa23af648ae8a7848967a901) Importer(815301076,1909f56bfc062723c751e8b465ee728b)
Start importing Assets/BigManJD/Platformer Tileset - Pixelart Grasslands/Tile Palette/Tiles/DirtBackgroundTiles_2.asset using Guid(e0a56004fa23af648ae8a7848967a901) Importer(815301076,1909f56bfc062723c751e8b465ee728b)  -> (artifact id: '0b24fd12e934ff7fc75b05be993eccfd') in 0.038236 seconds 
========================================================================
Received Import Request.
  Time since last request: 0.000035 seconds.
  path: Assets/BigManJD/Platformer Tileset - Pixelart Grasslands/Tile Palette/Tiles/DirtBackgroundTiles_22.asset
  artifactKey: Guid(a1c648880d9137a48a1f5726a3d9baa2) Importer(815301076,1909f56bfc062723c751e8b465ee728b)
Start importing Assets/BigManJD/Platformer Tileset - Pixelart Grasslands/Tile Palette/Tiles/DirtBackgroundTiles_22.asset using Guid(a1c648880d9137a48a1f5726a3d9baa2) Importer(815301076,1909f56bfc062723c751e8b465ee728b)  -> (artifact id: '83a3972a4ece260af69e17a106354b49') in 0.031425 seconds 
========================================================================
Received Import Request.
  Time since last request: 0.000041 seconds.
  path: Assets/BigManJD/Platformer Tileset - Pixelart Grasslands/Tile Palette/Tiles/DirtBackgroundTiles_10.asset
  artifactKey: Guid(4aacb53454a7c604d9a5c903fef48a6d) Importer(815301076,1909f56bfc062723c751e8b465ee728b)
Start importing Assets/BigManJD/Platformer Tileset - Pixelart Grasslands/Tile Palette/Tiles/DirtBackgroundTiles_10.asset using Guid(4aacb53454a7c604d9a5c903fef48a6d) Importer(815301076,1909f56bfc062723c751e8b465ee728b)  -> (artifact id: 'b42a49f8ffa2bd8483ccda6820bf432d') in 0.022883 seconds 
========================================================================
Received Import Request.
  Time since last request: 0.000031 seconds.
  path: Assets/BigManJD/Platformer Tileset - Pixelart Grasslands/Tile Palette/Tiles/DirtBackgroundTiles_26.asset
  artifactKey: Guid(c7155d854f316ce43ac82e08c74128b5) Importer(815301076,1909f56bfc062723c751e8b465ee728b)
Start importing Assets/BigManJD/Platformer Tileset - Pixelart Grasslands/Tile Palette/Tiles/DirtBackgroundTiles_26.asset using Guid(c7155d854f316ce43ac82e08c74128b5) Importer(815301076,1909f56bfc062723c751e8b465ee728b)  -> (artifact id: 'd99d2bf76f081871294ee411b283a062') in 0.020885 seconds 
========================================================================
Received Import Request.
  Time since last request: 0.000077 seconds.
  path: Assets/BigManJD/Platformer Tileset - Pixelart Grasslands/Tile Palette/Tiles/DirtBackgroundTiles_14.asset
  artifactKey: Guid(5a1eb3fc8be9152439b9ec9b309b0ec2) Importer(815301076,1909f56bfc062723c751e8b465ee728b)
Start importing Assets/BigManJD/Platformer Tileset - Pixelart Grasslands/Tile Palette/Tiles/DirtBackgroundTiles_14.asset using Guid(5a1eb3fc8be9152439b9ec9b309b0ec2) Importer(815301076,1909f56bfc062723c751e8b465ee728b)  -> (artifact id: 'fa0f84ac01dec0956289e427842fc3d1') in 0.021516 seconds 
========================================================================
Received Import Request.
  Time since last request: 0.000046 seconds.
  path: Assets/BigManJD/Platformer Tileset - Pixelart Grasslands/Tile Palette/Tiles/DirtBackgroundTiles_15.asset
  artifactKey: Guid(67daccb121f2e1745a92532d52e9566b) Importer(815301076,1909f56bfc062723c751e8b465ee728b)
Start importing Assets/BigManJD/Platformer Tileset - Pixelart Grasslands/Tile Palette/Tiles/DirtBackgroundTiles_15.asset using Guid(67daccb121f2e1745a92532d52e9566b) Importer(815301076,1909f56bfc062723c751e8b465ee728b)  -> (artifact id: '14e15e54774f2fe778b0f592d461f273') in 0.019049 seconds 
========================================================================
Received Import Request.
  Time since last request: 0.000036 seconds.
  path: Assets/BigManJD/Platformer Tileset - Pixelart Grasslands/Tile Palette/Tiles/DirtBackgroundTiles_3.asset
  artifactKey: Guid(ec5342ee332bc5a49a0e66a52ef977a6) Importer(815301076,1909f56bfc062723c751e8b465ee728b)
Start importing Assets/BigManJD/Platformer Tileset - Pixelart Grasslands/Tile Palette/Tiles/DirtBackgroundTiles_3.asset using Guid(ec5342ee332bc5a49a0e66a52ef977a6) Importer(815301076,1909f56bfc062723c751e8b465ee728b)  -> (artifact id: 'e38fc94b5e4fe0a47d15eb15289b735c') in 0.023448 seconds 
========================================================================
Received Import Request.
  Time since last request: 0.000035 seconds.
  path: Assets/BigManJD/Platformer Tileset - Pixelart Grasslands/Tile Palette/Tiles/DirtBackgroundTiles_7.asset
  artifactKey: Guid(d7067a3c940d2b94abfb164bf3b8a314) Importer(815301076,1909f56bfc062723c751e8b465ee728b)
Start importing Assets/BigManJD/Platformer Tileset - Pixelart Grasslands/Tile Palette/Tiles/DirtBackgroundTiles_7.asset using Guid(d7067a3c940d2b94abfb164bf3b8a314) Importer(815301076,1909f56bfc062723c751e8b465ee728b)  -> (artifact id: '8bde7d58dc07c238f12c066d4793db02') in 0.020772 seconds 
========================================================================
Received Import Request.
  Time since last request: 0.000031 seconds.
  path: Assets/BigManJD/Platformer Tileset - Pixelart Grasslands/Tile Palette/Tiles/DirtBackgroundTiles_30.asset
  artifactKey: Guid(8fd7ce8e5f384cd47a0d27fee44a1918) Importer(815301076,1909f56bfc062723c751e8b465ee728b)
Start importing Assets/BigManJD/Platformer Tileset - Pixelart Grasslands/Tile Palette/Tiles/DirtBackgroundTiles_30.asset using Guid(8fd7ce8e5f384cd47a0d27fee44a1918) Importer(815301076,1909f56bfc062723c751e8b465ee728b)  -> (artifact id: 'a5b43f8743106dab54126a3a0fd8f202') in 0.021805 seconds 
========================================================================
Received Import Request.
  Time since last request: 0.000024 seconds.
  path: Assets/BigManJD/Platformer Tileset - Pixelart Grasslands/Tile Palette/Tiles/DirtBackgroundTiles_11.asset
  artifactKey: Guid(4720c8cb881093f41b6ad8cbb234af20) Importer(815301076,1909f56bfc062723c751e8b465ee728b)
Start importing Assets/BigManJD/Platformer Tileset - Pixelart Grasslands/Tile Palette/Tiles/DirtBackgroundTiles_11.asset using Guid(4720c8cb881093f41b6ad8cbb234af20) Importer(815301076,1909f56bfc062723c751e8b465ee728b)  -> (artifact id: '656b81f8c7bf8b65e8d0b084d46f9201') in 0.021574 seconds 
========================================================================
Received Import Request.
  Time since last request: 0.000027 seconds.
  path: Assets/BigManJD/Platformer Tileset - Pixelart Grasslands/Tile Palette/Tiles/DirtBackgroundTiles_37.asset
  artifactKey: Guid(910084d564f9539419a1badd016a6427) Importer(815301076,1909f56bfc062723c751e8b465ee728b)
Start importing Assets/BigManJD/Platformer Tileset - Pixelart Grasslands/Tile Palette/Tiles/DirtBackgroundTiles_37.asset using Guid(910084d564f9539419a1badd016a6427) Importer(815301076,1909f56bfc062723c751e8b465ee728b)  -> (artifact id: '8000d832c0aecfba41eb4dd133adb4b3') in 0.020831 seconds 
========================================================================
Received Import Request.
  Time since last request: 0.000036 seconds.
  path: Assets/BigManJD/Platformer Tileset - Pixelart Grasslands/Tile Palette/Tiles/DirtBackgroundTiles_24.asset
  artifactKey: Guid(aed93102cb427544cad9b131b20e1c3c) Importer(815301076,1909f56bfc062723c751e8b465ee728b)
Start importing Assets/BigManJD/Platformer Tileset - Pixelart Grasslands/Tile Palette/Tiles/DirtBackgroundTiles_24.asset using Guid(aed93102cb427544cad9b131b20e1c3c) Importer(815301076,1909f56bfc062723c751e8b465ee728b)  -> (artifact id: 'cf687330d887ed50776694ba923fe67b') in 0.025168 seconds 
========================================================================
Received Import Request.
  Time since last request: 0.000083 seconds.
  path: Assets/BigManJD/Platformer Tileset - Pixelart Grasslands/Tile Palette/Tiles/DirtBackgroundTiles_29.asset
  artifactKey: Guid(8bf10846b8f75ee46a6beca66cc53550) Importer(815301076,1909f56bfc062723c751e8b465ee728b)
Start importing Assets/BigManJD/Platformer Tileset - Pixelart Grasslands/Tile Palette/Tiles/DirtBackgroundTiles_29.asset using Guid(8bf10846b8f75ee46a6beca66cc53550) Importer(815301076,1909f56bfc062723c751e8b465ee728b)  -> (artifact id: '145c4a1bcbec5436e080464872211bec') in 0.022044 seconds 
========================================================================
Received Import Request.
  Time since last request: 0.000057 seconds.
  path: Assets/BigManJD/Platformer Tileset - Pixelart Grasslands/Tile Palette/Tiles/DirtBackgroundTiles_16.asset
  artifactKey: Guid(71ef291c9d7da194db9ac6e209ccb8cf) Importer(815301076,1909f56bfc062723c751e8b465ee728b)
Start importing Assets/BigManJD/Platformer Tileset - Pixelart Grasslands/Tile Palette/Tiles/DirtBackgroundTiles_16.asset using Guid(71ef291c9d7da194db9ac6e209ccb8cf) Importer(815301076,1909f56bfc062723c751e8b465ee728b)  -> (artifact id: '55405255a19ad5699ade6747b1d063e3') in 0.020742 seconds 
========================================================================
Received Import Request.
  Time since last request: 0.000027 seconds.
  path: Assets/BigManJD/Platformer Tileset - Pixelart Grasslands/Tile Palette/Tiles/DirtBackgroundTiles_38.asset
  artifactKey: Guid(8098aa22e8127f644b88006f2f819018) Importer(815301076,1909f56bfc062723c751e8b465ee728b)
Start importing Assets/BigManJD/Platformer Tileset - Pixelart Grasslands/Tile Palette/Tiles/DirtBackgroundTiles_38.asset using Guid(8098aa22e8127f644b88006f2f819018) Importer(815301076,1909f56bfc062723c751e8b465ee728b)  -> (artifact id: '085a01d789dd29be8f2df67e55ed45ee') in 0.021012 seconds 
========================================================================
Received Import Request.
  Time since last request: 0.000029 seconds.
  path: Assets/BigManJD/Platformer Tileset - Pixelart Grasslands/Tile Palette/Tiles/DirtTiles_0.asset
  artifactKey: Guid(f47ef68ebd3a9e547b3f2c2d9b7a4a21) Importer(815301076,1909f56bfc062723c751e8b465ee728b)
Start importing Assets/BigManJD/Platformer Tileset - Pixelart Grasslands/Tile Palette/Tiles/DirtTiles_0.asset using Guid(f47ef68ebd3a9e547b3f2c2d9b7a4a21) Importer(815301076,1909f56bfc062723c751e8b465ee728b)  -> (artifact id: 'e3e087b21b36e3046c41b5d362c017bc') in 0.021932 seconds 
========================================================================
Received Import Request.
  Time since last request: 0.000030 seconds.
  path: Assets/BigManJD/Platformer Tileset - Pixelart Grasslands/Tile Palette/Tiles/DirtBackgroundTiles_5.asset
  artifactKey: Guid(beeeae3d876addb4ab2eeffc361b2760) Importer(815301076,1909f56bfc062723c751e8b465ee728b)
Start importing Assets/BigManJD/Platformer Tileset - Pixelart Grasslands/Tile Palette/Tiles/DirtBackgroundTiles_5.asset using Guid(beeeae3d876addb4ab2eeffc361b2760) Importer(815301076,1909f56bfc062723c751e8b465ee728b)  -> (artifact id: '4edfc5d29285de55290cefb78a8a16b4') in 0.021829 seconds 
